build/app/intermediates/manifest_merge_blame_file/debug/manifest-merger-blame-debug-report.txt
1<?xml version="1.0" encoding="utf-8"?>
2<manifest xmlns:android="http://schemas.android.com/apk/res/android"
3    package="getride.user.taxi"
4    android:versionCode="1"
5    android:versionName="1.0.0" >
6
7    <uses-sdk
8        android:minSdkVersion="21"
9        android:targetSdkVersion="31" />
10    <!--
11         Flutter needs it to communicate with the running application
12         to allow setting breakpoints, to provide hot reload, etc.
13    -->
14    <uses-permission android:name="android.permission.INTERNET" />
14-->src/debug/AndroidManifest.xml:6:5-66
14-->src/debug/AndroidManifest.xml:6:22-64
15    <uses-permission android:name="android.permission.WAKE_LOCK" />
15-->[:firebase_messaging] AndroidManifest.xml:10:5-68
15-->[:firebase_messaging] AndroidManifest.xml:10:22-65
16    <uses-permission android:name="android.permission.ACCESS_NETWORK_STATE" />
16-->[:firebase_messaging] AndroidManifest.xml:11:5-79
16-->[:firebase_messaging] AndroidManifest.xml:11:22-76
17    <uses-permission android:name="android.permission.FOREGROUND_SERVICE" />
17-->[:geolocator_android] AndroidManifest.xml:9:5-77
17-->[:geolocator_android] AndroidManifest.xml:9:22-74
18    <uses-permission android:name="android.permission.RECEIVE_BOOT_COMPLETED" />
18-->[:flutter_local_notifications] AndroidManifest.xml:9:5-81
18-->[:flutter_local_notifications] AndroidManifest.xml:9:22-78
19    <uses-permission android:name="android.permission.VIBRATE" />
19-->[:flutter_local_notifications] AndroidManifest.xml:10:5-66
19-->[:flutter_local_notifications] AndroidManifest.xml:10:22-63
20    <uses-permission android:name="android.permission.USE_FULL_SCREEN_INTENT" />
20-->[:flutter_local_notifications] AndroidManifest.xml:11:5-81
20-->[:flutter_local_notifications] AndroidManifest.xml:11:22-78
21    <uses-permission android:name="android.permission.SCHEDULE_EXACT_ALARM" />
21-->[:flutter_local_notifications] AndroidManifest.xml:12:5-79
21-->[:flutter_local_notifications] AndroidManifest.xml:12:22-76
22    <uses-permission android:name="android.permission.POST_NOTIFICATIONS" />
22-->[:flutter_local_notifications] AndroidManifest.xml:13:5-77
22-->[:flutter_local_notifications] AndroidManifest.xml:13:22-74
23    <uses-permission android:name="android.permission.ACCESS_COARSE_LOCATION" />
23-->[:location] AndroidManifest.xml:9:5-81
23-->[:location] AndroidManifest.xml:9:22-78
24    <uses-permission android:name="android.permission.ACCESS_FINE_LOCATION" />
24-->[:location] AndroidManifest.xml:10:5-79
24-->[:location] AndroidManifest.xml:10:22-76
25
26    <queries>
26-->[com.facebook.android:facebook-common:16.0.1] AndroidManifest.xml:17:5-19:15
27        <package android:name="com.facebook.katana" />
27-->[com.facebook.android:facebook-common:16.0.1] AndroidManifest.xml:18:9-55
27-->[com.facebook.android:facebook-common:16.0.1] AndroidManifest.xml:18:18-52
28        <!-- Needs to be explicitly declared on Android R+ -->
29        <package android:name="com.google.android.apps.maps" />
29-->[com.google.android.gms:play-services-maps:18.1.0] AndroidManifest.xml:33:9-64
29-->[com.google.android.gms:play-services-maps:18.1.0] AndroidManifest.xml:33:18-61
30    </queries>
31
32    <uses-feature
32-->[com.google.android.gms:play-services-maps:18.1.0] AndroidManifest.xml:26:5-28:35
33        android:glEsVersion="0x00020000"
33-->[com.google.android.gms:play-services-maps:18.1.0] AndroidManifest.xml:27:9-41
34        android:required="true" /> <!-- Required by older versions of Google Play services to create IID tokens -->
34-->[com.google.android.gms:play-services-maps:18.1.0] AndroidManifest.xml:28:9-32
35    <uses-permission android:name="com.google.android.c2dm.permission.RECEIVE" />
35-->[com.google.firebase:firebase-messaging:23.0.8] AndroidManifest.xml:29:5-82
35-->[com.google.firebase:firebase-messaging:23.0.8] AndroidManifest.xml:29:22-79
36    <uses-permission android:name="com.google.android.gms.permission.AD_ID" />
36-->[com.facebook.android:facebook-core:16.0.1] AndroidManifest.xml:16:5-79
36-->[com.facebook.android:facebook-core:16.0.1] AndroidManifest.xml:16:22-76
37
38    <permission
38-->[androidx.core:core:1.10.1] AndroidManifest.xml:22:5-24:47
39        android:name="getride.user.taxi.DYNAMIC_RECEIVER_NOT_EXPORTED_PERMISSION"
39-->[androidx.core:core:1.10.1] AndroidManifest.xml:23:9-81
40        android:protectionLevel="signature" />
40-->[androidx.core:core:1.10.1] AndroidManifest.xml:24:9-44
41
42    <uses-permission android:name="getride.user.taxi.DYNAMIC_RECEIVER_NOT_EXPORTED_PERMISSION" />
42-->[androidx.core:core:1.10.1] AndroidManifest.xml:26:5-97
42-->[androidx.core:core:1.10.1] AndroidManifest.xml:26:22-94
43    <uses-permission android:name="com.google.android.finsky.permission.BIND_GET_INSTALL_REFERRER_SERVICE" />
43-->[com.android.installreferrer:installreferrer:1.0] AndroidManifest.xml:9:5-110
43-->[com.android.installreferrer:installreferrer:1.0] AndroidManifest.xml:9:22-107
44
45    <application
46        android:name="android.app.Application"
47        android:appComponentFactory="androidx.core.app.CoreComponentFactory"
47-->[androidx.core:core:1.10.1] AndroidManifest.xml:28:18-86
48        android:debuggable="true"
49        android:icon="@mipmap/launcher_icon"
50        android:label="Taxi User"
51        android:supportsRtl="true" >
51-->[com.facebook.android:facebook-login:16.0.1] AndroidManifest.xml:16:18-44
52        <meta-data
53            android:name="com.google.android.geo.API_KEY"
54            android:value="AIzaSyAh44zG-nwjUK3-C0IR8lLpw2uBZfVukVY" />
55
56        <activity
57            android:name="getride.user.taxi.MainActivity"
58            android:configChanges="orientation|keyboardHidden|keyboard|screenSize|smallestScreenSize|locale|layoutDirection|fontScale|screenLayout|density|uiMode"
59            android:exported="true"
60            android:hardwareAccelerated="true"
61            android:launchMode="singleTop"
62            android:theme="@style/LaunchTheme"
63            android:windowSoftInputMode="adjustResize" >
64
65            <!--
66                 Specifies an Android theme to apply to this Activity as soon as
67                 the Android process has started. This theme is visible to the user
68                 while the Flutter UI initializes. After that, this theme continues
69                 to determine the Window background behind the Flutter UI.
70            -->
71            <meta-data
72                android:name="io.flutter.embedding.android.NormalTheme"
73                android:resource="@style/NormalTheme" />
74
75            <intent-filter>
76                <action android:name="android.intent.action.MAIN" />
77
78                <category android:name="android.intent.category.LAUNCHER" />
79            </intent-filter>
80        </activity>
81        <!--
82             Don't delete the meta-data below.
83             This is used by the Flutter tool to generate GeneratedPluginRegistrant.java
84        -->
85        <meta-data
86            android:name="flutterEmbedding"
87            android:value="2" />
88
89        <service
89-->[:firebase_messaging] AndroidManifest.xml:14:9-17:72
90            android:name="io.flutter.plugins.firebase.messaging.FlutterFirebaseMessagingBackgroundService"
90-->[:firebase_messaging] AndroidManifest.xml:15:13-107
91            android:exported="false"
91-->[:firebase_messaging] AndroidManifest.xml:16:13-37
92            android:permission="android.permission.BIND_JOB_SERVICE" />
92-->[:firebase_messaging] AndroidManifest.xml:17:13-69
93        <service
93-->[:firebase_messaging] AndroidManifest.xml:18:9-24:19
94            android:name="io.flutter.plugins.firebase.messaging.FlutterFirebaseMessagingService"
94-->[:firebase_messaging] AndroidManifest.xml:19:13-97
95            android:exported="false" >
95-->[:firebase_messaging] AndroidManifest.xml:20:13-37
96            <intent-filter>
96-->[:firebase_messaging] AndroidManifest.xml:21:13-23:29
97                <action android:name="com.google.firebase.MESSAGING_EVENT" />
97-->[:firebase_messaging] AndroidManifest.xml:22:17-78
97-->[:firebase_messaging] AndroidManifest.xml:22:25-75
98            </intent-filter>
99        </service>
100
101        <receiver
101-->[:firebase_messaging] AndroidManifest.xml:26:9-33:20
102            android:name="io.flutter.plugins.firebase.messaging.FlutterFirebaseMessagingReceiver"
102-->[:firebase_messaging] AndroidManifest.xml:27:13-98
103            android:exported="true"
103-->[:firebase_messaging] AndroidManifest.xml:28:13-36
104            android:permission="com.google.android.c2dm.permission.SEND" >
104-->[:firebase_messaging] AndroidManifest.xml:29:13-73
105            <intent-filter>
105-->[:firebase_messaging] AndroidManifest.xml:30:13-32:29
106                <action android:name="com.google.android.c2dm.intent.RECEIVE" />
106-->[:firebase_messaging] AndroidManifest.xml:31:17-81
106-->[:firebase_messaging] AndroidManifest.xml:31:25-78
107            </intent-filter>
108        </receiver>
109
110        <service
110-->[:firebase_messaging] AndroidManifest.xml:35:9-39:19
111            android:name="com.google.firebase.components.ComponentDiscoveryService"
111-->[:firebase_messaging] AndroidManifest.xml:35:18-89
112            android:directBootAware="true"
112-->[com.google.firebase:firebase-common:20.1.2] AndroidManifest.xml:35:13-43
113            android:exported="false" >
113-->[com.google.firebase:firebase-messaging:23.0.8] AndroidManifest.xml:55:13-37
114            <meta-data
114-->[:firebase_messaging] AndroidManifest.xml:36:13-38:85
115                android:name="com.google.firebase.components:io.flutter.plugins.firebase.messaging.FlutterFirebaseAppRegistrar"
115-->[:firebase_messaging] AndroidManifest.xml:37:17-128
116                android:value="com.google.firebase.components.ComponentRegistrar" />
116-->[:firebase_messaging] AndroidManifest.xml:38:17-82
117            <meta-data
117-->[:firebase_core] AndroidManifest.xml:11:13-13:85
118                android:name="com.google.firebase.components:io.flutter.plugins.firebase.core.FlutterFirebaseCoreRegistrar"
118-->[:firebase_core] AndroidManifest.xml:12:17-124
119                android:value="com.google.firebase.components.ComponentRegistrar" />
119-->[:firebase_core] AndroidManifest.xml:13:17-82
120            <meta-data
120-->[com.google.firebase:firebase-messaging:23.0.8] AndroidManifest.xml:56:13-58:85
121                android:name="com.google.firebase.components:com.google.firebase.messaging.FirebaseMessagingRegistrar"
121-->[com.google.firebase:firebase-messaging:23.0.8] AndroidManifest.xml:57:17-119
122                android:value="com.google.firebase.components.ComponentRegistrar" />
122-->[com.google.firebase:firebase-messaging:23.0.8] AndroidManifest.xml:58:17-82
123            <meta-data
123-->[com.google.firebase:firebase-datatransport:18.1.6] AndroidManifest.xml:28:13-30:85
124                android:name="com.google.firebase.components:com.google.firebase.datatransport.TransportRegistrar"
124-->[com.google.firebase:firebase-datatransport:18.1.6] AndroidManifest.xml:29:17-115
125                android:value="com.google.firebase.components.ComponentRegistrar" />
125-->[com.google.firebase:firebase-datatransport:18.1.6] AndroidManifest.xml:30:17-82
126            <meta-data
126-->[com.google.firebase:firebase-installations:17.0.3] AndroidManifest.xml:18:13-20:85
127                android:name="com.google.firebase.components:com.google.firebase.installations.FirebaseInstallationsRegistrar"
127-->[com.google.firebase:firebase-installations:17.0.3] AndroidManifest.xml:19:17-127
128                android:value="com.google.firebase.components.ComponentRegistrar" />
128-->[com.google.firebase:firebase-installations:17.0.3] AndroidManifest.xml:20:17-82
129        </service>
130
131        <provider
131-->[:firebase_messaging] AndroidManifest.xml:41:9-45:38
132            android:name="io.flutter.plugins.firebase.messaging.FlutterFirebaseMessagingInitProvider"
132-->[:firebase_messaging] AndroidManifest.xml:42:13-102
133            android:authorities="getride.user.taxi.flutterfirebasemessaginginitprovider"
133-->[:firebase_messaging] AndroidManifest.xml:43:13-88
134            android:exported="false"
134-->[:firebase_messaging] AndroidManifest.xml:44:13-37
135            android:initOrder="99" />
135-->[:firebase_messaging] AndroidManifest.xml:45:13-35
136
137        <service
137-->[:geolocator_android] AndroidManifest.xml:12:9-16:56
138            android:name="com.baseflow.geolocator.GeolocatorLocationService"
138-->[:geolocator_android] AndroidManifest.xml:13:13-77
139            android:enabled="true"
139-->[:geolocator_android] AndroidManifest.xml:14:13-35
140            android:exported="false"
140-->[:geolocator_android] AndroidManifest.xml:15:13-37
141            android:foregroundServiceType="location" />
141-->[:geolocator_android] AndroidManifest.xml:16:13-53
142
143        <provider
143-->[:image_picker_android] AndroidManifest.xml:10:9-18:20
144            android:name="io.flutter.plugins.imagepicker.ImagePickerFileProvider"
144-->[:image_picker_android] AndroidManifest.xml:11:13-82
145            android:authorities="getride.user.taxi.flutter.image_provider"
145-->[:image_picker_android] AndroidManifest.xml:12:13-74
146            android:exported="false"
146-->[:image_picker_android] AndroidManifest.xml:13:13-37
147            android:grantUriPermissions="true" >
147-->[:image_picker_android] AndroidManifest.xml:14:13-47
148            <meta-data
148-->[:image_picker_android] AndroidManifest.xml:15:13-17:75
149                android:name="android.support.FILE_PROVIDER_PATHS"
149-->[:image_picker_android] AndroidManifest.xml:16:17-67
150                android:resource="@xml/flutter_image_picker_file_paths" />
150-->[:image_picker_android] AndroidManifest.xml:17:17-72
151        </provider>
152
153        <receiver
153-->[:flutter_local_notifications] AndroidManifest.xml:16:9-18:40
154            android:name="com.dexterous.flutterlocalnotifications.ScheduledNotificationReceiver"
154-->[:flutter_local_notifications] AndroidManifest.xml:17:13-97
155            android:exported="false" />
155-->[:flutter_local_notifications] AndroidManifest.xml:18:13-37
156        <receiver
156-->[:flutter_local_notifications] AndroidManifest.xml:19:9-28:20
157            android:name="com.dexterous.flutterlocalnotifications.ScheduledNotificationBootReceiver"
157-->[:flutter_local_notifications] AndroidManifest.xml:20:13-101
158            android:exported="false" >
158-->[:flutter_local_notifications] AndroidManifest.xml:21:13-37
159            <intent-filter>
159-->[:flutter_local_notifications] AndroidManifest.xml:22:13-27:29
160                <action android:name="android.intent.action.BOOT_COMPLETED" />
160-->[:flutter_local_notifications] AndroidManifest.xml:23:17-79
160-->[:flutter_local_notifications] AndroidManifest.xml:23:25-76
161                <action android:name="android.intent.action.MY_PACKAGE_REPLACED" />
161-->[:flutter_local_notifications] AndroidManifest.xml:24:17-84
161-->[:flutter_local_notifications] AndroidManifest.xml:24:25-81
162                <action android:name="android.intent.action.QUICKBOOT_POWERON" />
162-->[:flutter_local_notifications] AndroidManifest.xml:25:17-82
162-->[:flutter_local_notifications] AndroidManifest.xml:25:25-79
163                <action android:name="com.htc.intent.action.QUICKBOOT_POWERON" />
163-->[:flutter_local_notifications] AndroidManifest.xml:26:17-82
163-->[:flutter_local_notifications] AndroidManifest.xml:26:25-79
164            </intent-filter>
165        </receiver>
166
167        <activity
167-->[:url_launcher_android] AndroidManifest.xml:10:9-13:74
168            android:name="io.flutter.plugins.urllauncher.WebViewActivity"
168-->[:url_launcher_android] AndroidManifest.xml:11:13-74
169            android:exported="false"
169-->[:url_launcher_android] AndroidManifest.xml:12:13-37
170            android:theme="@android:style/Theme.NoTitleBar.Fullscreen" />
170-->[:url_launcher_android] AndroidManifest.xml:13:13-71
171
172        <service
172-->[:location] AndroidManifest.xml:13:9-17:56
173            android:name="com.lyokone.location.FlutterLocationService"
173-->[:location] AndroidManifest.xml:14:13-71
174            android:enabled="true"
174-->[:location] AndroidManifest.xml:15:13-35
175            android:exported="false"
175-->[:location] AndroidManifest.xml:16:13-37
176            android:foregroundServiceType="location" />
176-->[:location] AndroidManifest.xml:17:13-53
177
178        <activity
178-->[com.facebook.android:facebook-common:16.0.1] AndroidManifest.xml:22:9-25:66
179            android:name="com.facebook.FacebookActivity"
179-->[com.facebook.android:facebook-common:16.0.1] AndroidManifest.xml:23:13-57
180            android:configChanges="keyboard|keyboardHidden|screenLayout|screenSize|orientation"
180-->[com.facebook.android:facebook-common:16.0.1] AndroidManifest.xml:24:13-96
181            android:theme="@style/com_facebook_activity_theme" />
181-->[com.facebook.android:facebook-common:16.0.1] AndroidManifest.xml:25:13-63
182        <activity android:name="com.facebook.CustomTabMainActivity" />
182-->[com.facebook.android:facebook-common:16.0.1] AndroidManifest.xml:26:9-71
182-->[com.facebook.android:facebook-common:16.0.1] AndroidManifest.xml:26:19-68
183        <activity
183-->[com.facebook.android:facebook-common:16.0.1] AndroidManifest.xml:27:9-41:20
184            android:name="com.facebook.CustomTabActivity"
184-->[com.facebook.android:facebook-common:16.0.1] AndroidManifest.xml:28:13-58
185            android:exported="true" >
185-->[com.facebook.android:facebook-common:16.0.1] AndroidManifest.xml:29:13-36
186            <intent-filter>
186-->[com.facebook.android:facebook-common:16.0.1] AndroidManifest.xml:31:13-40:29
187                <action android:name="android.intent.action.VIEW" />
187-->[com.facebook.android:facebook-common:16.0.1] AndroidManifest.xml:32:17-69
187-->[com.facebook.android:facebook-common:16.0.1] AndroidManifest.xml:32:25-66
188
189                <category android:name="android.intent.category.DEFAULT" />
189-->[com.facebook.android:facebook-common:16.0.1] AndroidManifest.xml:34:17-76
189-->[com.facebook.android:facebook-common:16.0.1] AndroidManifest.xml:34:27-73
190                <category android:name="android.intent.category.BROWSABLE" />
190-->[com.facebook.android:facebook-common:16.0.1] AndroidManifest.xml:35:17-78
190-->[com.facebook.android:facebook-common:16.0.1] AndroidManifest.xml:35:27-75
191
192                <data
192-->[com.facebook.android:facebook-common:16.0.1] AndroidManifest.xml:37:17-39:50
193                    android:host="cct.getride.user.taxi"
193-->[com.facebook.android:facebook-common:16.0.1] AndroidManifest.xml:38:21-56
194                    android:scheme="fbconnect" />
194-->[com.facebook.android:facebook-common:16.0.1] AndroidManifest.xml:39:21-47
195            </intent-filter>
196        </activity>
197        <activity
197-->[com.google.android.gms:play-services-auth:20.4.0] AndroidManifest.xml:23:9-27:75
198            android:name="com.google.android.gms.auth.api.signin.internal.SignInHubActivity"
198-->[com.google.android.gms:play-services-auth:20.4.0] AndroidManifest.xml:24:13-93
199            android:excludeFromRecents="true"
199-->[com.google.android.gms:play-services-auth:20.4.0] AndroidManifest.xml:25:13-46
200            android:exported="false"
200-->[com.google.android.gms:play-services-auth:20.4.0] AndroidManifest.xml:26:13-37
201            android:theme="@android:style/Theme.Translucent.NoTitleBar" />
201-->[com.google.android.gms:play-services-auth:20.4.0] AndroidManifest.xml:27:13-72
202        <!--
203            Service handling Google Sign-In user revocation. For apps that do not integrate with
204            Google Sign-In, this service will never be started.
205        -->
206        <service
206-->[com.google.android.gms:play-services-auth:20.4.0] AndroidManifest.xml:33:9-37:51
207            android:name="com.google.android.gms.auth.api.signin.RevocationBoundService"
207-->[com.google.android.gms:play-services-auth:20.4.0] AndroidManifest.xml:34:13-89
208            android:exported="true"
208-->[com.google.android.gms:play-services-auth:20.4.0] AndroidManifest.xml:35:13-36
209            android:permission="com.google.android.gms.auth.api.signin.permission.REVOCATION_NOTIFICATION"
209-->[com.google.android.gms:play-services-auth:20.4.0] AndroidManifest.xml:36:13-107
210            android:visibleToInstantApps="true" /> <!-- Needs to be explicitly declared on P+ -->
210-->[com.google.android.gms:play-services-auth:20.4.0] AndroidManifest.xml:37:13-48
211        <uses-library
211-->[com.google.android.gms:play-services-maps:18.1.0] AndroidManifest.xml:39:9-41:40
212            android:name="org.apache.http.legacy"
212-->[com.google.android.gms:play-services-maps:18.1.0] AndroidManifest.xml:40:13-50
213            android:required="false" />
213-->[com.google.android.gms:play-services-maps:18.1.0] AndroidManifest.xml:41:13-37
214
215        <receiver
215-->[com.google.firebase:firebase-messaging:23.0.8] AndroidManifest.xml:32:9-39:20
216            android:name="com.google.firebase.iid.FirebaseInstanceIdReceiver"
216-->[com.google.firebase:firebase-messaging:23.0.8] AndroidManifest.xml:33:13-78
217            android:exported="true"
217-->[com.google.firebase:firebase-messaging:23.0.8] AndroidManifest.xml:34:13-36
218            android:permission="com.google.android.c2dm.permission.SEND" >
218-->[com.google.firebase:firebase-messaging:23.0.8] AndroidManifest.xml:35:13-73
219            <intent-filter>
219-->[:firebase_messaging] AndroidManifest.xml:30:13-32:29
220                <action android:name="com.google.android.c2dm.intent.RECEIVE" />
220-->[:firebase_messaging] AndroidManifest.xml:31:17-81
220-->[:firebase_messaging] AndroidManifest.xml:31:25-78
221            </intent-filter>
222        </receiver>
223        <!--
224             FirebaseMessagingService performs security checks at runtime,
225             but set to not exported to explicitly avoid allowing another app to call it.
226        -->
227        <service
227-->[com.google.firebase:firebase-messaging:23.0.8] AndroidManifest.xml:45:9-52:19
228            android:name="com.google.firebase.messaging.FirebaseMessagingService"
228-->[com.google.firebase:firebase-messaging:23.0.8] AndroidManifest.xml:46:13-82
229            android:directBootAware="true"
229-->[com.google.firebase:firebase-messaging:23.0.8] AndroidManifest.xml:47:13-43
230            android:exported="false" >
230-->[com.google.firebase:firebase-messaging:23.0.8] AndroidManifest.xml:48:13-37
231            <intent-filter android:priority="-500" >
231-->[:firebase_messaging] AndroidManifest.xml:21:13-23:29
232                <action android:name="com.google.firebase.MESSAGING_EVENT" />
232-->[:firebase_messaging] AndroidManifest.xml:22:17-78
232-->[:firebase_messaging] AndroidManifest.xml:22:25-75
233            </intent-filter>
234        </service>
235
236        <activity
236-->[com.google.android.gms:play-services-base:18.1.0] AndroidManifest.xml:20:9-22:45
237            android:name="com.google.android.gms.common.api.GoogleApiActivity"
237-->[com.google.android.gms:play-services-base:18.1.0] AndroidManifest.xml:20:19-85
238            android:exported="false"
238-->[com.google.android.gms:play-services-base:18.1.0] AndroidManifest.xml:22:19-43
239            android:theme="@android:style/Theme.Translucent.NoTitleBar" />
239-->[com.google.android.gms:play-services-base:18.1.0] AndroidManifest.xml:21:19-78
240
241        <provider
241-->[com.google.firebase:firebase-common:20.1.2] AndroidManifest.xml:26:9-31:39
242            android:name="com.google.firebase.provider.FirebaseInitProvider"
242-->[com.google.firebase:firebase-common:20.1.2] AndroidManifest.xml:27:13-77
243            android:authorities="getride.user.taxi.firebaseinitprovider"
243-->[com.google.firebase:firebase-common:20.1.2] AndroidManifest.xml:28:13-72
244            android:directBootAware="true"
244-->[com.google.firebase:firebase-common:20.1.2] AndroidManifest.xml:29:13-43
245            android:exported="false"
245-->[com.google.firebase:firebase-common:20.1.2] AndroidManifest.xml:30:13-37
246            android:initOrder="100" />
246-->[com.google.firebase:firebase-common:20.1.2] AndroidManifest.xml:31:13-36
247
248        <meta-data
248-->[com.google.android.gms:play-services-basement:18.1.0] AndroidManifest.xml:21:9-23:69
249            android:name="com.google.android.gms.version"
249-->[com.google.android.gms:play-services-basement:18.1.0] AndroidManifest.xml:22:13-58
250            android:value="@integer/google_play_services_version" />
250-->[com.google.android.gms:play-services-basement:18.1.0] AndroidManifest.xml:23:13-66
251        <!--
252         The initialization ContentProvider will call FacebookSdk.sdkInitialize automatically
253         with the application context. This config is merged in with the host app's manifest,
254         but there can only be one provider with the same authority activated at any given
255         point; so if the end user has two or more different apps that use Facebook SDK, only the
256         first one will be able to use the provider. To work around this problem, we use the
257         following placeholder in the authority to identify each host application as if it was
258         a completely different provider.
259        -->
260        <provider
260-->[com.facebook.android:facebook-core:16.0.1] AndroidManifest.xml:29:9-32:40
261            android:name="com.facebook.internal.FacebookInitProvider"
261-->[com.facebook.android:facebook-core:16.0.1] AndroidManifest.xml:30:13-70
262            android:authorities="getride.user.taxi.FacebookInitProvider"
262-->[com.facebook.android:facebook-core:16.0.1] AndroidManifest.xml:31:13-72
263            android:exported="false" />
263-->[com.facebook.android:facebook-core:16.0.1] AndroidManifest.xml:32:13-37
264
265        <receiver
265-->[com.facebook.android:facebook-core:16.0.1] AndroidManifest.xml:34:9-40:20
266            android:name="com.facebook.CurrentAccessTokenExpirationBroadcastReceiver"
266-->[com.facebook.android:facebook-core:16.0.1] AndroidManifest.xml:35:13-86
267            android:exported="false" >
267-->[com.facebook.android:facebook-core:16.0.1] AndroidManifest.xml:36:13-37
268            <intent-filter>
268-->[com.facebook.android:facebook-core:16.0.1] AndroidManifest.xml:37:13-39:29
269                <action android:name="com.facebook.sdk.ACTION_CURRENT_ACCESS_TOKEN_CHANGED" />
269-->[com.facebook.android:facebook-core:16.0.1] AndroidManifest.xml:38:17-95
269-->[com.facebook.android:facebook-core:16.0.1] AndroidManifest.xml:38:25-92
270            </intent-filter>
271        </receiver>
272        <receiver
272-->[com.facebook.android:facebook-core:16.0.1] AndroidManifest.xml:41:9-47:20
273            android:name="com.facebook.AuthenticationTokenManager$CurrentAuthenticationTokenChangedBroadcastReceiver"
273-->[com.facebook.android:facebook-core:16.0.1] AndroidManifest.xml:42:13-118
274            android:exported="false" >
274-->[com.facebook.android:facebook-core:16.0.1] AndroidManifest.xml:43:13-37
275            <intent-filter>
275-->[com.facebook.android:facebook-core:16.0.1] AndroidManifest.xml:44:13-46:29
276                <action android:name="com.facebook.sdk.ACTION_CURRENT_AUTHENTICATION_TOKEN_CHANGED" />
276-->[com.facebook.android:facebook-core:16.0.1] AndroidManifest.xml:45:17-103
276-->[com.facebook.android:facebook-core:16.0.1] AndroidManifest.xml:45:25-100
277            </intent-filter>
278        </receiver>
279
280        <uses-library
280-->[androidx.window:window:1.0.0-beta04] AndroidManifest.xml:25:9-27:40
281            android:name="androidx.window.extensions"
281-->[androidx.window:window:1.0.0-beta04] AndroidManifest.xml:26:13-54
282            android:required="false" />
282-->[androidx.window:window:1.0.0-beta04] AndroidManifest.xml:27:13-37
283        <uses-library
283-->[androidx.window:window:1.0.0-beta04] AndroidManifest.xml:28:9-30:40
284            android:name="androidx.window.sidecar"
284-->[androidx.window:window:1.0.0-beta04] AndroidManifest.xml:29:13-51
285            android:required="false" />
285-->[androidx.window:window:1.0.0-beta04] AndroidManifest.xml:30:13-37
286
287        <provider
287-->[androidx.profileinstaller:profileinstaller:1.3.0] AndroidManifest.xml:24:9-32:20
288            android:name="androidx.startup.InitializationProvider"
288-->[androidx.profileinstaller:profileinstaller:1.3.0] AndroidManifest.xml:25:13-67
289            android:authorities="getride.user.taxi.androidx-startup"
289-->[androidx.profileinstaller:profileinstaller:1.3.0] AndroidManifest.xml:26:13-68
290            android:exported="false" >
290-->[androidx.profileinstaller:profileinstaller:1.3.0] AndroidManifest.xml:27:13-37
291            <meta-data
291-->[androidx.profileinstaller:profileinstaller:1.3.0] AndroidManifest.xml:29:13-31:52
292                android:name="androidx.profileinstaller.ProfileInstallerInitializer"
292-->[androidx.profileinstaller:profileinstaller:1.3.0] AndroidManifest.xml:30:17-85
293                android:value="androidx.startup" />
293-->[androidx.profileinstaller:profileinstaller:1.3.0] AndroidManifest.xml:31:17-49
294        </provider>
295
296        <receiver
296-->[androidx.profileinstaller:profileinstaller:1.3.0] AndroidManifest.xml:34:9-52:20
297            android:name="androidx.profileinstaller.ProfileInstallReceiver"
297-->[androidx.profileinstaller:profileinstaller:1.3.0] AndroidManifest.xml:35:13-76
298            android:directBootAware="false"
298-->[androidx.profileinstaller:profileinstaller:1.3.0] AndroidManifest.xml:36:13-44
299            android:enabled="true"